2025-06-23 23:00:27,603 - INFO - Model Architecture intialized
2025-06-23 23:00:27,605 - INFO - Model Moved to device
2025-06-23 23:00:27,605 - INFO - Optimizer has been initialized..
2025-06-23 23:00:27,608 - ERROR - Failed to do splitting data [WinError 3] The system cannot find the path specified: 'artifacts/raw/Images'
2025-06-23 23:00:27,608 - ERROR - Failed to do train model Failed to do splitting data  | Error: [WinError 3] The system cannot find the path specified: 'artifacts/raw/Images' | File: D:\MLOps\gun_detection\src\model_training.py | Line: 50
2025-06-23 23:03:37,703 - INFO - Created the artifacts\raw
2025-06-23 23:03:42,671 - INFO - Download the data from C:\Users\avnis\.cache\kagglehub\datasets\issaisasank\guns-object-detection\versions\1
2025-06-23 23:03:44,698 - INFO - Images moved sucesfully..
2025-06-23 23:03:46,245 - INFO - Labels moved sucesfully..
2025-06-23 23:04:01,557 - INFO - Model Architecture intialized
2025-06-23 23:04:01,574 - INFO - Model Moved to device
2025-06-23 23:04:01,575 - INFO - Optimizer has been initialized..
2025-06-23 23:04:01,576 - INFO - Data Processing Initialized...
2025-06-23 23:04:01,645 - INFO - Data splitted sucesfuly...
2025-06-23 23:04:01,647 - INFO - Starting epoch 0
2025-06-23 23:04:01,684 - INFO - Loading Data for index 175
2025-06-23 23:04:01,684 - INFO - Image Path : artifacts/raw/Images\257.jpeg
2025-06-23 23:04:02,051 - INFO - Loading Data for index 7
2025-06-23 23:04:02,051 - INFO - Image Path : artifacts/raw/Images\105.jpeg
2025-06-23 23:04:02,064 - INFO - Loading Data for index 4
2025-06-23 23:04:02,064 - INFO - Image Path : artifacts/raw/Images\102.jpeg
2025-06-23 23:04:40,332 - INFO - Loading Data for index 257
2025-06-23 23:04:40,332 - INFO - Image Path : artifacts/raw/Images\330.jpeg
2025-06-23 23:04:40,771 - INFO - Loading Data for index 26
2025-06-23 23:04:40,772 - INFO - Image Path : artifacts/raw/Images\122.jpeg
2025-06-23 23:04:40,783 - INFO - Loading Data for index 160
2025-06-23 23:04:40,783 - INFO - Image Path : artifacts/raw/Images\243.jpeg
2025-06-23 23:05:31,629 - INFO - Loading Data for index 229
2025-06-23 23:05:31,646 - INFO - Image Path : artifacts/raw/Images\305.jpeg
2025-06-23 23:05:32,117 - INFO - Loading Data for index 156
2025-06-23 23:05:32,129 - INFO - Image Path : artifacts/raw/Images\24.jpeg
2025-06-23 23:05:32,156 - INFO - Loading Data for index 42
2025-06-23 23:05:32,156 - INFO - Image Path : artifacts/raw/Images\137.jpeg
2025-06-23 23:06:32,480 - INFO - Loading Data for index 54
2025-06-23 23:06:32,494 - INFO - Image Path : artifacts/raw/Images\148.jpeg
2025-06-23 23:06:33,006 - INFO - Loading Data for index 103
2025-06-23 23:06:33,006 - INFO - Image Path : artifacts/raw/Images\192.jpeg
2025-06-23 23:06:33,039 - INFO - Loading Data for index 196
2025-06-23 23:06:33,039 - INFO - Image Path : artifacts/raw/Images\276.jpeg
2025-06-23 23:07:09,697 - INFO - Loading Data for index 86
2025-06-23 23:07:09,700 - INFO - Image Path : artifacts/raw/Images\177.jpeg
2025-06-23 23:07:09,746 - INFO - Loading Data for index 167
2025-06-23 23:07:09,747 - INFO - Image Path : artifacts/raw/Images\25.jpeg
2025-06-23 23:07:09,763 - INFO - Loading Data for index 171
2025-06-23 23:07:09,764 - INFO - Image Path : artifacts/raw/Images\253.jpeg
2025-06-23 23:07:45,063 - INFO - Loading Data for index 292
2025-06-23 23:07:45,065 - INFO - Image Path : artifacts/raw/Images\62.jpeg
2025-06-23 23:07:45,112 - INFO - Loading Data for index 105
2025-06-23 23:07:45,113 - INFO - Image Path : artifacts/raw/Images\194.jpeg
2025-06-23 23:07:45,118 - INFO - Loading Data for index 218
2025-06-23 23:07:45,118 - INFO - Image Path : artifacts/raw/Images\296.jpeg
2025-06-23 23:08:30,889 - INFO - Loading Data for index 176
2025-06-23 23:08:30,896 - INFO - Image Path : artifacts/raw/Images\258.jpeg
2025-06-23 23:08:31,447 - INFO - Loading Data for index 146
2025-06-23 23:08:31,451 - INFO - Image Path : artifacts/raw/Images\230.jpeg
2025-06-23 23:08:31,483 - INFO - Loading Data for index 212
2025-06-23 23:08:31,483 - INFO - Image Path : artifacts/raw/Images\290.jpeg
2025-06-23 23:09:19,158 - INFO - Loading Data for index 124
2025-06-23 23:09:19,164 - INFO - Image Path : artifacts/raw/Images\210.jpeg
2025-06-23 23:09:19,677 - INFO - Loading Data for index 14
2025-06-23 23:09:19,677 - INFO - Image Path : artifacts/raw/Images\111.jpeg
2025-06-23 23:09:19,708 - INFO - Loading Data for index 142
2025-06-23 23:09:19,709 - INFO - Image Path : artifacts/raw/Images\227.jpeg
2025-06-23 23:10:05,527 - INFO - Loading Data for index 290
2025-06-23 23:10:05,530 - INFO - Image Path : artifacts/raw/Images\60.jpeg
2025-06-23 23:10:05,585 - INFO - Loading Data for index 228
2025-06-23 23:10:05,587 - INFO - Image Path : artifacts/raw/Images\304.jpeg
2025-06-23 23:10:05,607 - INFO - Loading Data for index 260
2025-06-23 23:10:05,607 - INFO - Image Path : artifacts/raw/Images\333.jpeg
2025-06-23 23:10:55,013 - INFO - Loading Data for index 254
2025-06-23 23:10:55,023 - INFO - Image Path : artifacts/raw/Images\328.jpeg
2025-06-23 23:10:55,432 - INFO - Loading Data for index 295
2025-06-23 23:10:55,433 - INFO - Image Path : artifacts/raw/Images\65.jpeg
2025-06-23 23:10:55,454 - INFO - Loading Data for index 191
2025-06-23 23:10:55,454 - INFO - Image Path : artifacts/raw/Images\271.jpeg
2025-06-23 23:11:41,984 - INFO - Loading Data for index 195
2025-06-23 23:11:41,988 - INFO - Image Path : artifacts/raw/Images\275.jpeg
2025-06-23 23:11:42,002 - INFO - Loading Data for index 291
2025-06-23 23:11:42,003 - INFO - Image Path : artifacts/raw/Images\61.jpeg
2025-06-23 23:11:42,044 - INFO - Loading Data for index 5
2025-06-23 23:11:42,044 - INFO - Image Path : artifacts/raw/Images\103.jpeg
2025-06-23 23:12:28,204 - INFO - Loading Data for index 190
2025-06-23 23:12:28,210 - INFO - Image Path : artifacts/raw/Images\270.jpeg
2025-06-23 23:12:28,698 - INFO - Loading Data for index 67
2025-06-23 23:12:28,698 - INFO - Image Path : artifacts/raw/Images\16.jpeg
2025-06-23 23:12:28,727 - INFO - Loading Data for index 265
2025-06-23 23:12:28,727 - INFO - Image Path : artifacts/raw/Images\38.jpeg
2025-06-23 23:13:14,180 - INFO - Loading Data for index 285
2025-06-23 23:13:14,187 - INFO - Image Path : artifacts/raw/Images\56.jpeg
2025-06-23 23:13:14,304 - INFO - Loading Data for index 0
2025-06-23 23:13:14,305 - INFO - Image Path : artifacts/raw/Images\1.jpeg
2025-06-23 23:13:14,342 - INFO - Loading Data for index 172
2025-06-23 23:13:14,342 - INFO - Image Path : artifacts/raw/Images\254.jpeg
2025-06-23 23:13:52,340 - INFO - Loading Data for index 281
2025-06-23 23:13:52,340 - INFO - Image Path : artifacts/raw/Images\52.jpeg
2025-06-23 23:13:52,385 - INFO - Loading Data for index 207
2025-06-23 23:13:52,385 - INFO - Image Path : artifacts/raw/Images\286.jpeg
2025-06-23 23:13:52,391 - INFO - Loading Data for index 69
2025-06-23 23:13:52,391 - INFO - Image Path : artifacts/raw/Images\161.jpeg
2025-06-23 23:14:36,451 - INFO - Loading Data for index 85
2025-06-23 23:14:36,457 - INFO - Image Path : artifacts/raw/Images\176.jpeg
2025-06-23 23:14:36,879 - INFO - Loading Data for index 235
2025-06-23 23:14:36,879 - INFO - Image Path : artifacts/raw/Images\310.jpeg
2025-06-23 23:14:36,897 - INFO - Loading Data for index 91
2025-06-23 23:14:36,897 - INFO - Image Path : artifacts/raw/Images\181.jpeg
2025-06-23 23:15:38,494 - INFO - Loading Data for index 76
2025-06-23 23:15:38,499 - INFO - Image Path : artifacts/raw/Images\168.jpeg
2025-06-23 23:15:38,957 - INFO - Loading Data for index 104
2025-06-23 23:15:38,959 - INFO - Image Path : artifacts/raw/Images\193.jpeg
2025-06-23 23:15:38,974 - INFO - Loading Data for index 120
2025-06-23 23:15:38,975 - INFO - Image Path : artifacts/raw/Images\207.jpeg
2025-06-23 23:16:48,396 - INFO - Loading Data for index 57
2025-06-23 23:16:48,418 - INFO - Image Path : artifacts/raw/Images\150.jpeg
2025-06-23 23:16:48,915 - INFO - Loading Data for index 299
2025-06-23 23:16:48,915 - INFO - Image Path : artifacts/raw/Images\69.jpeg
2025-06-23 23:16:48,935 - INFO - Loading Data for index 72
2025-06-23 23:16:48,935 - INFO - Image Path : artifacts/raw/Images\164.jpeg
2025-06-23 23:17:26,029 - INFO - Loading Data for index 226
2025-06-23 23:17:26,043 - INFO - Image Path : artifacts/raw/Images\302.jpeg
2025-06-23 23:17:26,494 - INFO - Loading Data for index 1
2025-06-23 23:17:26,495 - INFO - Image Path : artifacts/raw/Images\10.jpeg
2025-06-23 23:17:26,533 - INFO - Loading Data for index 249
2025-06-23 23:17:26,533 - INFO - Image Path : artifacts/raw/Images\323.jpeg
2025-06-23 23:18:32,561 - INFO - Loading Data for index 159
2025-06-23 23:18:32,580 - INFO - Image Path : artifacts/raw/Images\242.jpeg
2025-06-23 23:18:33,093 - INFO - Loading Data for index 128
2025-06-23 23:18:33,093 - INFO - Image Path : artifacts/raw/Images\214.jpeg
2025-06-23 23:18:33,113 - INFO - Loading Data for index 289
2025-06-23 23:18:33,113 - INFO - Image Path : artifacts/raw/Images\6.jpeg
2025-06-23 23:19:07,871 - INFO - Loading Data for index 88
2025-06-23 23:19:07,873 - INFO - Image Path : artifacts/raw/Images\179.jpeg
2025-06-23 23:19:07,925 - INFO - Loading Data for index 205
2025-06-23 23:19:07,925 - INFO - Image Path : artifacts/raw/Images\284.jpeg
2025-06-23 23:19:07,945 - INFO - Loading Data for index 267
2025-06-23 23:19:07,946 - INFO - Image Path : artifacts/raw/Images\4.jpeg
2025-06-23 23:19:40,931 - INFO - Loading Data for index 245
2025-06-23 23:19:40,931 - INFO - Image Path : artifacts/raw/Images\32.jpeg
2025-06-23 23:19:40,970 - INFO - Loading Data for index 56
2025-06-23 23:19:40,971 - INFO - Image Path : artifacts/raw/Images\15.jpeg
2025-06-23 23:19:40,991 - INFO - Loading Data for index 272
2025-06-23 23:19:40,991 - INFO - Image Path : artifacts/raw/Images\44.jpeg
2025-06-23 23:20:43,131 - INFO - Loading Data for index 59
2025-06-23 23:20:43,151 - INFO - Image Path : artifacts/raw/Images\152.jpeg
2025-06-23 23:20:43,640 - INFO - Loading Data for index 193
2025-06-23 23:20:43,640 - INFO - Image Path : artifacts/raw/Images\273.jpeg
2025-06-23 23:20:43,655 - INFO - Loading Data for index 283
2025-06-23 23:20:43,655 - INFO - Image Path : artifacts/raw/Images\54.jpeg
2025-06-23 23:21:15,633 - INFO - Loading Data for index 111
2025-06-23 23:21:15,634 - INFO - Image Path : artifacts/raw/Images\2.jpeg
2025-06-23 23:21:15,684 - INFO - Loading Data for index 70
2025-06-23 23:21:15,684 - INFO - Image Path : artifacts/raw/Images\162.jpeg
2025-06-23 23:21:15,701 - INFO - Loading Data for index 114
2025-06-23 23:21:15,701 - INFO - Image Path : artifacts/raw/Images\201.jpeg
2025-06-23 23:21:46,163 - INFO - Loading Data for index 36
2025-06-23 23:21:46,163 - INFO - Image Path : artifacts/raw/Images\131.jpeg
2025-06-23 23:21:46,215 - INFO - Loading Data for index 68
2025-06-23 23:21:46,215 - INFO - Image Path : artifacts/raw/Images\160.jpeg
2025-06-23 23:21:46,221 - INFO - Loading Data for index 11
2025-06-23 23:21:46,221 - INFO - Image Path : artifacts/raw/Images\109.jpeg
2025-06-23 23:22:16,952 - INFO - Loading Data for index 74
2025-06-23 23:22:16,953 - INFO - Image Path : artifacts/raw/Images\166.jpeg
2025-06-23 23:22:16,966 - INFO - Loading Data for index 34
2025-06-23 23:22:16,966 - INFO - Image Path : artifacts/raw/Images\13.jpeg
2025-06-23 23:22:16,973 - INFO - Loading Data for index 163
2025-06-23 23:22:16,973 - INFO - Image Path : artifacts/raw/Images\246.jpeg
2025-06-23 23:22:48,634 - INFO - Loading Data for index 214
2025-06-23 23:22:48,634 - INFO - Image Path : artifacts/raw/Images\292.jpeg
2025-06-23 23:22:48,705 - INFO - Loading Data for index 35
2025-06-23 23:22:48,705 - INFO - Image Path : artifacts/raw/Images\130.jpeg
2025-06-23 23:22:48,724 - INFO - Loading Data for index 12
2025-06-23 23:22:48,725 - INFO - Image Path : artifacts/raw/Images\11.jpeg
2025-06-23 23:23:40,288 - INFO - Loading Data for index 9
2025-06-23 23:23:40,292 - INFO - Image Path : artifacts/raw/Images\107.jpeg
2025-06-23 23:23:40,751 - INFO - Loading Data for index 65
2025-06-23 23:23:40,751 - INFO - Image Path : artifacts/raw/Images\158.jpeg
2025-06-23 23:23:40,767 - INFO - Loading Data for index 261
2025-06-23 23:23:40,767 - INFO - Image Path : artifacts/raw/Images\34.jpeg
2025-06-23 23:24:13,119 - INFO - Loading Data for index 168
2025-06-23 23:24:13,120 - INFO - Image Path : artifacts/raw/Images\250.jpeg
2025-06-23 23:24:13,159 - INFO - Loading Data for index 45
2025-06-23 23:24:13,159 - INFO - Image Path : artifacts/raw/Images\14.jpeg
2025-06-23 23:24:13,166 - INFO - Loading Data for index 293
2025-06-23 23:24:13,166 - INFO - Image Path : artifacts/raw/Images\63.jpeg
2025-06-23 23:24:43,099 - INFO - Loading Data for index 13
2025-06-23 23:24:43,101 - INFO - Image Path : artifacts/raw/Images\110.jpeg
2025-06-23 23:24:43,105 - INFO - Loading Data for index 62
2025-06-23 23:24:43,106 - INFO - Image Path : artifacts/raw/Images\155.jpeg
2025-06-23 23:24:43,144 - INFO - Loading Data for index 32
2025-06-23 23:24:43,144 - INFO - Image Path : artifacts/raw/Images\128.jpeg
2025-06-23 23:25:33,330 - INFO - Loading Data for index 75
2025-06-23 23:25:33,348 - INFO - Image Path : artifacts/raw/Images\167.jpeg
2025-06-23 23:25:33,831 - INFO - Loading Data for index 82
2025-06-23 23:25:33,831 - INFO - Image Path : artifacts/raw/Images\173.jpeg
2025-06-23 23:25:33,863 - INFO - Loading Data for index 119
2025-06-23 23:25:33,864 - INFO - Image Path : artifacts/raw/Images\206.jpeg
